This is pdfTeX, Version 3.14159265-2.6-1.40.20 (TeX Live 2019) (preloaded format=pdflatex 2020.3.5)  5 DEC 2020 20:39
entering extended mode
 restricted \write18 enabled.
 file:line:error style messages enabled.
 %&-line parsing enabled.
**"/Users/ansh/OneDrive - iitb.ac.in/Academics/Semester 7/CS 663/project/texture_synthesis/report_tex/egpaper_final.tex"
(/Users/ansh/OneDrive - iitb.ac.in/Academics/Semester 7/CS 663/project/texture_synthesis/report_tex/egpaper_final.tex
LaTeX2e <2018-12-01>
(/usr/local/texlive/2019/texmf-dist/tex/latex/base/article.cls
Document Class: article 2018/09/03 v1.4i Standard LaTeX document class
(/usr/local/texlive/2019/texmf-dist/tex/latex/base/size10.clo
File: size10.clo 2018/09/03 v1.4i Standard LaTeX file (size option)
)
\c@part=\count80
\c@section=\count81
\c@subsection=\count82
\c@subsubsection=\count83
\c@paragraph=\count84
\c@subparagraph=\count85
\c@figure=\count86
\c@table=\count87
\abovecaptionskip=\skip41
\belowcaptionskip=\skip42
\bibindent=\dimen102
) (/Users/ansh/OneDrive - iitb.ac.in/Academics/Semester 7/CS 663/project/texture_synthesis/report_tex/cvpr.sty (/Users/ansh/OneDrive - iitb.ac.in/Academics/Semester 7/CS 663/project/texture_synthesis/report_tex/eso-pic.sty
Package: eso-pic 2002/11/16 v1.1b eso-pic (RN)
 (/Users/ansh/OneDrive - iitb.ac.in/Academics/Semester 7/CS 663/project/texture_synthesis/report_tex/cvpr_eso.sty

LaTeX Warning: You have requested package `eso-pic',
               but the package provides `everyshi'.

Package: everyshi 2001/05/15 v3.00 EveryShipout Package (MS)
) (/usr/local/texlive/2019/texmf-dist/tex/latex/graphics/keyval.sty
Package: keyval 2014/10/28 v1.15 key=value parser (DPC)
\KV@toks@=\toks14
)) (/usr/local/texlive/2019/texmf-dist/tex/latex/tools/xspace.sty
Package: xspace 2014/10/28 v1.13 Space after command names (DPC,MH)
)
CVPR 8.5 x 11-Inch Proceedings Style `cvpr.sty'.
\@ctmp=\skip43
\@figindent=\skip44
\cvprrulerbox=\box27
\cvprrulercount=\count88
\cvprruleroffset=\dimen103
\cv@lineheight=\dimen104
\cv@boxheight=\dimen105
\cv@tmpbox=\box28
\cv@refno=\count89
\cv@tot=\count90
\cv@tmpc@=\count91
\cv@tmpc=\count92
) (/usr/local/texlive/2019/texmf-dist/tex/latex/psnfss/times.sty
Package: times 2005/04/12 PSNFSS-v9.2a (SPQR) 
) (/usr/local/texlive/2019/texmf-dist/tex/latex/graphics/epsfig.sty
Package: epsfig 2017/06/25 v1.7b (e)psfig emulation (SPQR)
 (/usr/local/texlive/2019/texmf-dist/tex/latex/graphics/graphicx.sty
Package: graphicx 2017/06/01 v1.1a Enhanced LaTeX Graphics (DPC,SPQR)
 (/usr/local/texlive/2019/texmf-dist/tex/latex/graphics/graphics.sty
Package: graphics 2017/06/25 v1.2c Standard LaTeX Graphics (DPC,SPQR)
 (/usr/local/texlive/2019/texmf-dist/tex/latex/graphics/trig.sty
Package: trig 2016/01/03 v1.10 sin cos tan (DPC)
) (/usr/local/texlive/2019/texmf-dist/tex/latex/graphics-cfg/graphics.cfg
File: graphics.cfg 2016/06/04 v1.11 sample graphics configuration
)
Package graphics Info: Driver file: pdftex.def on input line 99.
 (/usr/local/texlive/2019/texmf-dist/tex/latex/graphics-def/pdftex.def
File: pdftex.def 2018/01/08 v1.0l Graphics/color driver for pdftex
))
\Gin@req@height=\dimen106
\Gin@req@width=\dimen107
)
\epsfxsize=\dimen108
\epsfysize=\dimen109
) (/usr/local/texlive/2019/texmf-dist/tex/latex/amsmath/amsmath.sty
Package: amsmath 2018/12/01 v2.17b AMS math features
\@mathmargin=\skip45

For additional information on amsmath, use the `?' option.
(/usr/local/texlive/2019/texmf-dist/tex/latex/amsmath/amstext.sty
Package: amstext 2000/06/29 v2.01 AMS text
 (/usr/local/texlive/2019/texmf-dist/tex/latex/amsmath/amsgen.sty
File: amsgen.sty 1999/11/30 v2.0 generic functions
\@emptytoks=\toks15
\ex@=\dimen110
)) (/usr/local/texlive/2019/texmf-dist/tex/latex/amsmath/amsbsy.sty
Package: amsbsy 1999/11/29 v1.2d Bold Symbols
\pmbraise@=\dimen111
) (/usr/local/texlive/2019/texmf-dist/tex/latex/amsmath/amsopn.sty
Package: amsopn 2016/03/08 v2.02 operator names
)
\inf@bad=\count93
LaTeX Info: Redefining \frac on input line 223.
\uproot@=\count94
\leftroot@=\count95
LaTeX Info: Redefining \overline on input line 385.
\classnum@=\count96
\DOTSCASE@=\count97
LaTeX Info: Redefining \ldots on input line 482.
LaTeX Info: Redefining \dots on input line 485.
LaTeX Info: Redefining \cdots on input line 606.
\Mathstrutbox@=\box29
\strutbox@=\box30
\big@size=\dimen112
LaTeX Font Info:    Redeclaring font encoding OML on input line 729.
LaTeX Font Info:    Redeclaring font encoding OMS on input line 730.
\macc@depth=\count98
\c@MaxMatrixCols=\count99
\dotsspace@=\muskip10
\c@parentequation=\count100
\dspbrk@lvl=\count101
\tag@help=\toks16
\row@=\count102
\column@=\count103
\maxfields@=\count104
\andhelp@=\toks17
\eqnshift@=\dimen113
\alignsep@=\dimen114
\tagshift@=\dimen115
\tagwidth@=\dimen116
\totwidth@=\dimen117
\lineht@=\dimen118
\@envbody=\toks18
\multlinegap=\skip46
\multlinetaggap=\skip47
\mathdisplay@stack=\toks19
LaTeX Info: Redefining \[ on input line 2844.
LaTeX Info: Redefining \] on input line 2845.
) (/usr/local/texlive/2019/texmf-dist/tex/latex/amsfonts/amssymb.sty
Package: amssymb 2013/01/14 v3.01 AMS font symbols
 (/usr/local/texlive/2019/texmf-dist/tex/latex/amsfonts/amsfonts.sty
Package: amsfonts 2013/01/14 v3.01 Basic AMSFonts support
\symAMSa=\mathgroup4
\symAMSb=\mathgroup5
LaTeX Font Info:    Overwriting math alphabet `\mathfrak' in version `bold'
(Font)                  U/euf/m/n --> U/euf/b/n on input line 106.
)) (/usr/local/texlive/2019/texmf-dist/tex/latex/caption/caption.sty
Package: caption 2018/10/06 v3.3-154 Customizing captions (AR)
 (/usr/local/texlive/2019/texmf-dist/tex/latex/caption/caption3.sty
Package: caption3 2018/09/12 v1.8c caption3 kernel (AR)
Package caption3 Info: TeX engine: e-TeX on input line 64.
\captionmargin=\dimen119
\captionmargin@=\dimen120
\captionwidth=\dimen121
\caption@tempdima=\dimen122
\caption@indent=\dimen123
\caption@parindent=\dimen124
\caption@hangindent=\dimen125
Package caption Info: Unknown document class (or package),
(caption)             standard defaults will be used.
)

Package caption Warning: Unsupported document class (or package) detected,
(caption)                usage of the caption package is not recommended.
See the caption package documentation for explanation.

Package caption Info: \@makecaption = \long macro:#1#2-> \setbox \@tempboxa \hbox {\small \noindent #1.~#2} \setlength {\@ctmp }{\hsize } \addtolength {\@ctmp }{-\@figindent }\addtolength {\@ctmp }{-\@figindent } \ifdim \wd \@tempboxa >\@ctmp {\small #1.~#2\par } \else \hbox to\hsize {\hfil \box \@tempboxa \hfil } \fi .
\c@caption@flags=\count105
\c@ContinuedFloat=\count106
) (/usr/local/texlive/2019/texmf-dist/tex/latex/caption/subcaption.sty
Package: subcaption 2018/05/01 v1.1-162 Sub-captions (AR)
\c@subfigure=\count107
\c@subtable=\count108
) (/usr/local/texlive/2019/texmf-dist/tex/latex/hyperref/hyperref.sty
Package: hyperref 2018/11/30 v6.88e Hypertext links for LaTeX
 (/usr/local/texlive/2019/texmf-dist/tex/generic/oberdiek/hobsub-hyperref.sty
Package: hobsub-hyperref 2016/05/16 v1.14 Bundle oberdiek, subset hyperref (HO)
 (/usr/local/texlive/2019/texmf-dist/tex/generic/oberdiek/hobsub-generic.sty
Package: hobsub-generic 2016/05/16 v1.14 Bundle oberdiek, subset generic (HO)
Package: hobsub 2016/05/16 v1.14 Construct package bundles (HO)
Package: infwarerr 2016/05/16 v1.4 Providing info/warning/error messages (HO)
Package: ltxcmds 2016/05/16 v1.23 LaTeX kernel commands for general use (HO)
Package: ifluatex 2016/05/16 v1.4 Provides the ifluatex switch (HO)
Package ifluatex Info: LuaTeX not detected.
Package: ifvtex 2016/05/16 v1.6 Detect VTeX and its facilities (HO)
Package ifvtex Info: VTeX not detected.
Package: intcalc 2016/05/16 v1.2 Expandable calculations with integers (HO)
Package: ifpdf 2018/09/07 v3.3 Provides the ifpdf switch
Package: etexcmds 2016/05/16 v1.6 Avoid name clashes with e-TeX commands (HO)
Package: kvsetkeys 2016/05/16 v1.17 Key value parser (HO)
Package: kvdefinekeys 2016/05/16 v1.4 Define keys (HO)
Package: pdftexcmds 2018/09/10 v0.29 Utility functions of pdfTeX for LuaTeX (HO)
Package pdftexcmds Info: LuaTeX not detected.
Package pdftexcmds Info: \pdf@primitive is available.
Package pdftexcmds Info: \pdf@ifprimitive is available.
Package pdftexcmds Info: \pdfdraftmode found.
Package: pdfescape 2016/05/16 v1.14 Implements pdfTeX's escape features (HO)
Package: bigintcalc 2016/05/16 v1.4 Expandable calculations on big integers (HO)
Package: bitset 2016/05/16 v1.2 Handle bit-vector datatype (HO)
Package: uniquecounter 2016/05/16 v1.3 Provide unlimited unique counter (HO)
)
Package hobsub Info: Skipping package `hobsub' (already loaded).
Package: letltxmacro 2016/05/16 v1.5 Let assignment for LaTeX macros (HO)
Package: hopatch 2016/05/16 v1.3 Wrapper for package hooks (HO)
Package: xcolor-patch 2016/05/16 xcolor patch
Package: atveryend 2016/05/16 v1.9 Hooks at the very end of document (HO)
Package atveryend Info: \enddocument detected (standard20110627).
Package: atbegshi 2016/06/09 v1.18 At begin shipout hook (HO)
Package: refcount 2016/05/16 v3.5 Data extraction from label references (HO)
Package: hycolor 2016/05/16 v1.8 Color options for hyperref/bookmark (HO)
) (/usr/local/texlive/2019/texmf-dist/tex/generic/ifxetex/ifxetex.sty
Package: ifxetex 2010/09/12 v0.6 Provides ifxetex conditional
) (/usr/local/texlive/2019/texmf-dist/tex/latex/oberdiek/auxhook.sty
Package: auxhook 2016/05/16 v1.4 Hooks for auxiliary files (HO)
) (/usr/local/texlive/2019/texmf-dist/tex/latex/oberdiek/kvoptions.sty
Package: kvoptions 2016/05/16 v3.12 Key value format for package options (HO)
)
\@linkdim=\dimen126
\Hy@linkcounter=\count109
\Hy@pagecounter=\count110
 (/usr/local/texlive/2019/texmf-dist/tex/latex/hyperref/pd1enc.def
File: pd1enc.def 2018/11/30 v6.88e Hyperref: PDFDocEncoding definition (HO)
Now handling font encoding PD1 ...
... no UTF-8 mapping file for font encoding PD1
)
\Hy@SavedSpaceFactor=\count111
 (/usr/local/texlive/2019/texmf-dist/tex/latex/latexconfig/hyperref.cfg
File: hyperref.cfg 2002/06/06 v1.2 hyperref configuration of TeXLive
)
Package hyperref Info: Option `breaklinks' set `true' on input line 4393.
Package hyperref Info: Option `bookmarks' set `false' on input line 4393.
Package hyperref Info: Hyper figures OFF on input line 4519.
Package hyperref Info: Link nesting OFF on input line 4524.
Package hyperref Info: Hyper index ON on input line 4527.
Package hyperref Info: Plain pages OFF on input line 4534.
Package hyperref Info: Backreferencing OFF on input line 4539.
Package hyperref Info: Implicit mode ON; LaTeX internals redefined.
Package hyperref Info: Bookmarks OFF on input line 4778.
\c@Hy@tempcnt=\count112
 (/usr/local/texlive/2019/texmf-dist/tex/latex/url/url.sty
\Urlmuskip=\muskip11
Package: url 2013/09/16  ver 3.4  Verb mode for urls, etc.
)
LaTeX Info: Redefining \url on input line 5125.
\XeTeXLinkMargin=\dimen127
\Fld@menulength=\count113
\Field@Width=\dimen128
\Fld@charsize=\dimen129
Package hyperref Info: Hyper figures OFF on input line 6380.
Package hyperref Info: Link nesting OFF on input line 6385.
Package hyperref Info: Hyper index ON on input line 6388.
Package hyperref Info: backreferencing OFF on input line 6395.
Package hyperref Info: Link coloring OFF on input line 6400.
Package hyperref Info: Link coloring with OCG OFF on input line 6405.
Package hyperref Info: PDF/A mode OFF on input line 6410.
LaTeX Info: Redefining \ref on input line 6450.
LaTeX Info: Redefining \pageref on input line 6454.
\Hy@abspage=\count114
\c@Item=\count115
\c@Hfootnote=\count116
)
Package hyperref Info: Driver (autodetected): hpdftex.
 (/usr/local/texlive/2019/texmf-dist/tex/latex/hyperref/hpdftex.def
File: hpdftex.def 2018/11/30 v6.88e Hyperref driver for pdfTeX
\Fld@listcount=\count117
\c@bookmark@seq@number=\count118
 (/usr/local/texlive/2019/texmf-dist/tex/latex/oberdiek/rerunfilecheck.sty
Package: rerunfilecheck 2016/05/16 v1.8 Rerun checks for auxiliary files (HO)
Package uniquecounter Info: New unique counter `rerunfilecheck' on input line 282.
)
\Hy@SectionHShift=\skip48
) (/Users/ansh/OneDrive - iitb.ac.in/Academics/Semester 7/CS 663/project/texture_synthesis/report_tex/egpaper_final.aux

LaTeX Warning: Label `fig:cans_bs' multiply defined.


LaTeX Warning: Label `fig:apple_res' multiply defined.


LaTeX Warning: Label `sub@fig:apple_res' multiply defined.


LaTeX Warning: Label `fig:apple_res' multiply defined.


LaTeX Warning: Label `sub@fig:apple_res' multiply defined.


LaTeX Warning: Label `fig:apple_res' multiply defined.


LaTeX Warning: Label `sub@fig:apple_res' multiply defined.


LaTeX Warning: Label `fig:apple_res' multiply defined.


LaTeX Warning: Label `sub@fig:apple_res' multiply defined.


LaTeX Warning: Label `fig:apple_res' multiply defined.


LaTeX Warning: Label `sub@fig:apple_res' multiply defined.


LaTeX Warning: Label `fig:apple_res' multiply defined.


LaTeX Warning: Label `sub@fig:apple_res' multiply defined.


LaTeX Warning: Label `fig:apple_res' multiply defined.


LaTeX Warning: Label `sub@fig:apple_res' multiply defined.


LaTeX Warning: Label `fig:apple_res' multiply defined.


LaTeX Warning: Label `sub@fig:apple_res' multiply defined.

)
\openout1 = `egpaper_final.aux'.

LaTeX Font Info:    Checking defaults for OML/cmm/m/it on input line 26.
LaTeX Font Info:    ... okay on input line 26.
LaTeX Font Info:    Checking defaults for T1/cmr/m/n on input line 26.
LaTeX Font Info:    ... okay on input line 26.
LaTeX Font Info:    Checking defaults for OT1/cmr/m/n on input line 26.
LaTeX Font Info:    ... okay on input line 26.
LaTeX Font Info:    Checking defaults for OMS/cmsy/m/n on input line 26.
LaTeX Font Info:    ... okay on input line 26.
LaTeX Font Info:    Checking defaults for OMX/cmex/m/n on input line 26.
LaTeX Font Info:    ... okay on input line 26.
LaTeX Font Info:    Checking defaults for U/cmr/m/n on input line 26.
LaTeX Font Info:    ... okay on input line 26.
LaTeX Font Info:    Checking defaults for PD1/pdf/m/n on input line 26.
LaTeX Font Info:    ... okay on input line 26.
LaTeX Font Info:    Try loading font information for OT1+ptm on input line 26.
 (/usr/local/texlive/2019/texmf-dist/tex/latex/psnfss/ot1ptm.fd
File: ot1ptm.fd 2001/06/04 font definitions for OT1/ptm.
) ABD: EveryShipout initializing macros (/usr/local/texlive/2019/texmf-dist/tex/latex/graphics/color.sty
Package: color 2016/07/10 v1.1e Standard LaTeX Color (DPC)
 (/usr/local/texlive/2019/texmf-dist/tex/latex/graphics-cfg/color.cfg
File: color.cfg 2016/01/02 v1.6 sample color configuration
)
Package color Info: Driver file: pdftex.def on input line 147.
) (/usr/local/texlive/2019/texmf-dist/tex/context/base/mkii/supp-pdf.mkii
[Loading MPS to PDF converter (version 2006.09.02).]
\scratchcounter=\count119
\scratchdimen=\dimen130
\scratchbox=\box31
\nofMPsegments=\count120
\nofMParguments=\count121
\everyMPshowfont=\toks20
\MPscratchCnt=\count122
\MPscratchDim=\dimen131
\MPnumerator=\count123
\makeMPintoPDFobject=\count124
\everyMPtoPDFconversion=\toks21
) (/usr/local/texlive/2019/texmf-dist/tex/latex/oberdiek/epstopdf-base.sty
Package: epstopdf-base 2016/05/15 v2.6 Base part for package epstopdf
 (/usr/local/texlive/2019/texmf-dist/tex/latex/oberdiek/grfext.sty
Package: grfext 2016/05/16 v1.2 Manage graphics extensions (HO)
)
Package epstopdf-base Info: Redefining graphics rule for `.eps' on input line 438.
Package grfext Info: Graphics extension search list:
(grfext)             [.pdf,.png,.jpg,.mps,.jpeg,.jbig2,.jb2,.PDF,.PNG,.JPG,.JPEG,.JBIG2,.JB2,.eps]
(grfext)             \AppendGraphicsExtensions on input line 456.
 (/usr/local/texlive/2019/texmf-dist/tex/latex/latexconfig/epstopdf-sys.cfg
File: epstopdf-sys.cfg 2010/07/13 v1.3 Configuration of (r)epstopdf for TeX Live
))
Package caption Info: Begin \AtBeginDocument code.
Package caption Info: hyperref package is loaded.
Package caption Info: End \AtBeginDocument code.
\AtBeginShipoutBox=\box32
Package atbegshi Info: Package `everyshi' patched.
Package hyperref Info: Link coloring OFF on input line 26.
 (/usr/local/texlive/2019/texmf-dist/tex/latex/hyperref/nameref.sty
Package: nameref 2016/05/21 v2.44 Cross-referencing by name of section
 (/usr/local/texlive/2019/texmf-dist/tex/generic/oberdiek/gettitlestring.sty
Package: gettitlestring 2016/05/16 v1.5 Cleanup title references (HO)
)
\c@section@level=\count125
)
LaTeX Info: Redefining \ref on input line 26.
LaTeX Info: Redefining \pageref on input line 26.
LaTeX Info: Redefining \nameref on input line 26.
LaTeX Font Info:    Font shape `OT1/ptm/bx/n' in size <14.4> not available
(Font)              Font shape `OT1/ptm/b/n' tried instead on input line 43.
LaTeX Font Info:    Try loading font information for U+msa on input line 43.
 (/usr/local/texlive/2019/texmf-dist/tex/latex/amsfonts/umsa.fd
File: umsa.fd 2013/01/14 v3.01 AMS symbols A
)
LaTeX Font Info:    Try loading font information for U+msb on input line 43.
 (/usr/local/texlive/2019/texmf-dist/tex/latex/amsfonts/umsb.fd
File: umsb.fd 2013/01/14 v3.01 AMS symbols B
)
LaTeX Font Info:    Font shape `OT1/ptm/bx/n' in size <12> not available
(Font)              Font shape `OT1/ptm/b/n' tried instead on input line 50.
<resources/rl_general.png, id=4, 274.02374pt x 184.69pt>
File: resources/rl_general.png Graphic file (type png)
<use resources/rl_general.png>
Package pdftex.def Info: resources/rl_general.png  used on input line 54.
(pdftex.def)             Requested size: 137.01154pt x 92.34476pt.
<resources/apple_boundary_example.png, id=5, 1124.2pt x 843.15pt>
File: resources/apple_boundary_example.png Graphic file (type png)
<use resources/apple_boundary_example.png>
Package pdftex.def Info: resources/apple_boundary_example.png  used on input line 68.
(pdftex.def)             Requested size: 308.2667pt x 71.72066pt.

Overfull \hbox (71.13075pt too wide) in paragraph at lines 68--69
 [] 
 []

<resources/generalQnetwork.png, id=7, 544.0325pt x 833.1125pt>
File: resources/generalQnetwork.png Graphic file (type png)
<use resources/generalQnetwork.png>
Package pdftex.def Info: resources/generalQnetwork.png  used on input line 98.
(pdftex.def)             Requested size: 81.60135pt x 124.96147pt.
<../results/syn/out_apples_B_20.png, id=9, 367.3725pt x 246.9225pt>
File: ../results/syn/out_apples_B_20.png Graphic file (type png)
<use ../results/syn/out_apples_B_20.png>
Package pdftex.def Info: ../results/syn/out_apples_B_20.png  used on input line 144.
(pdftex.def)             Requested size: 91.8429pt x 61.73047pt.
<../results/syn/out_apples_B_30.png, id=10, 371.3875pt x 250.9375pt>
File: ../results/syn/out_apples_B_30.png Graphic file (type png)
<use ../results/syn/out_apples_B_30.png>
Package pdftex.def Info: ../results/syn/out_apples_B_30.png  used on input line 150.
(pdftex.def)             Requested size: 92.84663pt x 62.7342pt.
<../results/syn/out_apples_B_40.png, id=11, 334.24875pt x 253.94875pt>
File: ../results/syn/out_apples_B_40.png Graphic file (type png)
<use ../results/syn/out_apples_B_40.png>
Package pdftex.def Info: ../results/syn/out_apples_B_40.png  used on input line 156.
(pdftex.def)             Requested size: 83.56198pt x 63.48703pt.
<../results/syn/out_apples_B_50.png, id=12, 317.185pt x 216.81pt>
File: ../results/syn/out_apples_B_50.png Graphic file (type png)
<use ../results/syn/out_apples_B_50.png>
Package pdftex.def Info: ../results/syn/out_apples_B_50.png  used on input line 161.
(pdftex.def)             Requested size: 79.29605pt x 54.20236pt.

LaTeX Warning: `h' float specifier changed to `ht'.

<../results/syn/out_cans_B_20.png, id=13, 487.8225pt x 487.8225pt>
File: ../results/syn/out_cans_B_20.png Graphic file (type png)
<use ../results/syn/out_cans_B_20.png>
Package pdftex.def Info: ../results/syn/out_cans_B_20.png  used on input line 172.
(pdftex.def)             Requested size: 73.17021pt x 73.17021pt.
<../results/syn/out_cans_B_30.png, id=14, 491.8375pt x 491.8375pt>
File: ../results/syn/out_cans_B_30.png Graphic file (type png)
<use ../results/syn/out_cans_B_30.png>
Package pdftex.def Info: ../results/syn/out_cans_B_30.png  used on input line 178.
(pdftex.def)             Requested size: 73.77243pt x 73.77243pt.
<../results/syn/out_cans_B_40.png, id=15, 494.84875pt x 494.84875pt>
File: ../results/syn/out_cans_B_40.png Graphic file (type png)
<use ../results/syn/out_cans_B_40.png>
Package pdftex.def Info: ../results/syn/out_cans_B_40.png  used on input line 184.
(pdftex.def)             Requested size: 74.2241pt x 74.2241pt.
<../results/syn/out_cans_B_50.png, id=16, 517.935pt x 517.935pt>
File: ../results/syn/out_cans_B_50.png Graphic file (type png)
<use ../results/syn/out_cans_B_50.png>
Package pdftex.def Info: ../results/syn/out_cans_B_50.png  used on input line 189.
(pdftex.def)             Requested size: 77.68689pt x 77.68689pt.

LaTeX Warning: `h' float specifier changed to `ht'.

<../results/syn/out_brick_bw_B_20.png, id=17, 487.8225pt x 487.8225pt>
File: ../results/syn/out_brick_bw_B_20.png Graphic file (type png)
<use ../results/syn/out_brick_bw_B_20.png>
Package pdftex.def Info: ../results/syn/out_brick_bw_B_20.png  used on input line 200.
(pdftex.def)             Requested size: 73.17021pt x 73.17021pt.
<../results/syn/out_brick_bw_B_30.png, id=18, 491.8375pt x 491.8375pt>
File: ../results/syn/out_brick_bw_B_30.png Graphic file (type png)
<use ../results/syn/out_brick_bw_B_30.png>
Package pdftex.def Info: ../results/syn/out_brick_bw_B_30.png  used on input line 206.
(pdftex.def)             Requested size: 73.77243pt x 73.77243pt.
<../results/syn/out_brick_bw_B_40.png, id=19, 494.84875pt x 494.84875pt>
File: ../results/syn/out_brick_bw_B_40.png Graphic file (type png)
<use ../results/syn/out_brick_bw_B_40.png>
Package pdftex.def Info: ../results/syn/out_brick_bw_B_40.png  used on input line 212.
(pdftex.def)             Requested size: 74.2241pt x 74.2241pt.
<../results/syn/out_brick_bw_B_50.png, id=20, 517.935pt x 517.935pt>
File: ../results/syn/out_brick_bw_B_50.png Graphic file (type png)
<use ../results/syn/out_brick_bw_B_50.png>
Package pdftex.def Info: ../results/syn/out_brick_bw_B_50.png  used on input line 217.
(pdftex.def)             Requested size: 77.68689pt x 77.68689pt.

LaTeX Warning: `h' float specifier changed to `ht'.

[1{/usr/local/texlive/2019/texmf-var/fonts/map/pdftex/updmap/pdftex.map}


 </Users/ansh/OneDrive - iitb.ac.in/Academics/Semester 7/CS 663/project/texture_synthesis/report_tex/resources/apple_boundary_example.png (PNG copy)> </Users/ansh/OneDrive - iitb.ac.in/Academics/Semester 7/CS 663/project/texture_synthesis/report_tex/resources/rl_general.png> </Users/ansh/OneDrive - iitb.ac.in/Academics/Semester 7/CS 663/project/texture_synthesis/report_tex/resources/generalQnetwork.png>]
Underfull \hbox (badness 3449) in paragraph at lines 275--276
\OT1/ptm/m/n/10 game-state im-ages and thus, ap-prox-i-mates Q val-ues
 []


Underfull \hbox (badness 10000) in paragraph at lines 275--276

 []

<../results/syn_final/result_apples_c_B_40.png, id=44, 562.2606pt x 421.575pt>
File: ../results/syn_final/result_apples_c_B_40.png Graphic file (type png)
<use ../results/syn_final/result_apples_c_B_40.png>
Package pdftex.def Info: ../results/syn_final/result_apples_c_B_40.png  used on input line 282.
(pdftex.def)             Requested size: 309.90103pt x 205.5707pt.
<../results/syn_final/result_jute_c_B_40.png, id=46, 562.2606pt x 421.575pt>
File: ../results/syn_final/result_jute_c_B_40.png Graphic file (type png)
<use ../results/syn_final/result_jute_c_B_40.png>
Package pdftex.def Info: ../results/syn_final/result_jute_c_B_40.png  used on input line 289.
(pdftex.def)             Requested size: 309.90103pt x 205.5707pt.
<../results/syn_final/result_cans_B_40.png, id=48, 562.2606pt x 421.575pt>
File: ../results/syn_final/result_cans_B_40.png Graphic file (type png)
<use ../results/syn_final/result_cans_B_40.png>
Package pdftex.def Info: ../results/syn_final/result_cans_B_40.png  used on input line 296.
(pdftex.def)             Requested size: 309.90103pt x 205.5707pt.
<../results/syn_final/result_brick_bw_B_40.png, id=50, 562.2606pt x 421.575pt>
File: ../results/syn_final/result_brick_bw_B_40.png Graphic file (type png)
<use ../results/syn_final/result_brick_bw_B_40.png>
Package pdftex.def Info: ../results/syn_final/result_brick_bw_B_40.png  used on input line 302.
(pdftex.def)             Requested size: 309.90103pt x 205.5707pt.
<../results/syn_final/result_text_B_40.png, id=52, 562.2606pt x 421.575pt>
File: ../results/syn_final/result_text_B_40.png Graphic file (type png)
<use ../results/syn_final/result_text_B_40.png>
Package pdftex.def Info: ../results/syn_final/result_text_B_40.png  used on input line 309.
(pdftex.def)             Requested size: 309.90103pt x 205.5707pt.
<../results/syn_final/result_D1_B_40.png, id=54, 562.2606pt x 421.575pt>
File: ../results/syn_final/result_D1_B_40.png Graphic file (type png)
<use ../results/syn_final/result_D1_B_40.png>
Package pdftex.def Info: ../results/syn_final/result_D1_B_40.png  used on input line 316.
(pdftex.def)             Requested size: 309.90103pt x 205.5707pt.
<../results/syn_final/result_fabric_B_40.png, id=56, 562.2606pt x 421.575pt>
File: ../results/syn_final/result_fabric_B_40.png Graphic file (type png)
<use ../results/syn_final/result_fabric_B_40.png>
Package pdftex.def Info: ../results/syn_final/result_fabric_B_40.png  used on input line 322.
(pdftex.def)             Requested size: 309.90103pt x 205.5707pt.
<../results/syn_final/result_radishes_B_40.png, id=58, 562.2606pt x 421.575pt>
File: ../results/syn_final/result_radishes_B_40.png Graphic file (type png)
<use ../results/syn_final/result_radishes_B_40.png>
Package pdftex.def Info: ../results/syn_final/result_radishes_B_40.png  used on input line 329.
(pdftex.def)             Requested size: 309.90103pt x 205.5707pt.
<../results/syn_final/result_rice_B_40.png, id=60, 562.2606pt x 421.575pt>
File: ../results/syn_final/result_rice_B_40.png Graphic file (type png)
<use ../results/syn_final/result_rice_B_40.png>
Package pdftex.def Info: ../results/syn_final/result_rice_B_40.png  used on input line 336.
(pdftex.def)             Requested size: 309.90103pt x 205.5707pt.
<../results/syn_final/result_wood_c_B_40.png, id=62, 562.2606pt x 421.575pt>
File: ../results/syn_final/result_wood_c_B_40.png Graphic file (type png)
<use ../results/syn_final/result_wood_c_B_40.png>
Package pdftex.def Info: ../results/syn_final/result_wood_c_B_40.png  used on input line 342.
(pdftex.def)             Requested size: 309.90103pt x 205.5707pt.
<../results/syn_final/result_tile_B_60.png, id=64, 562.2606pt x 421.575pt>
File: ../results/syn_final/result_tile_B_60.png Graphic file (type png)
<use ../results/syn_final/result_tile_B_60.png>
Package pdftex.def Info: ../results/syn_final/result_tile_B_60.png  used on input line 349.
(pdftex.def)             Requested size: 309.90103pt x 205.5707pt.
<../results/syn_final/result_brick_B_60.png, id=66, 562.2606pt x 421.575pt>
File: ../results/syn_final/result_brick_B_60.png Graphic file (type png)
<use ../results/syn_final/result_brick_B_60.png>
Package pdftex.def Info: ../results/syn_final/result_brick_B_60.png  used on input line 356.
(pdftex.def)             Requested size: 309.90103pt x 205.5707pt.
<../results/syn_final/result_rope_B_60.png, id=68, 562.2606pt x 421.575pt>
File: ../results/syn_final/result_rope_B_60.png Graphic file (type png)
<use ../results/syn_final/result_rope_B_60.png>
Package pdftex.def Info: ../results/syn_final/result_rope_B_60.png  used on input line 362.
(pdftex.def)             Requested size: 309.90103pt x 205.5707pt.
<../results/syn_final/result_br_pattern_B_60.png, id=70, 562.2606pt x 421.575pt>
File: ../results/syn_final/result_br_pattern_B_60.png Graphic file (type png)
<use ../results/syn_final/result_br_pattern_B_60.png>
Package pdftex.def Info: ../results/syn_final/result_br_pattern_B_60.png  used on input line 369.
(pdftex.def)             Requested size: 309.90103pt x 205.5707pt.
<../results/syn_final/result_stone_B_60.png, id=72, 562.2606pt x 421.575pt>
File: ../results/syn_final/result_stone_B_60.png Graphic file (type png)
<use ../results/syn_final/result_stone_B_60.png>
Package pdftex.def Info: ../results/syn_final/result_stone_B_60.png  used on input line 376.
(pdftex.def)             Requested size: 309.90103pt x 205.5707pt.

LaTeX Warning: Float too large for page by 13.43944pt on input line 382.

Package atveryend Info: Empty hook `BeforeClearDocument' on input line 412.
pdfTeX warning (ext4): destination with the same identifier (name{page.}) has been already used, duplicate ignored
<to be read again> 
                   \relax 
l.412 \end{document}
                     [2

 <../results/syn/out_apples_B_20.png (PNG copy)> <../results/syn/out_apples_B_30.png (PNG copy)> <../results/syn/out_apples_B_40.png (PNG copy)> <../results/syn/out_apples_B_50.png (PNG copy)> <../results/syn/out_cans_B_20.png (PNG copy)> <../results/syn/out_cans_B_30.png (PNG copy)> <../results/syn/out_cans_B_40.png (PNG copy)> <../results/syn/out_cans_B_50.png (PNG copy)>]pdfTeX warning (ext4): destination with the same identifier (name{page.}) has been already used, duplicate ignored
<to be read again> 
                   \relax 
l.412 \end{document}
                     [3 <../results/syn/out_brick_bw_B_20.png (PNG copy)> <../results/syn/out_brick_bw_B_30.png (PNG copy)> <../results/syn/out_brick_bw_B_40.png (PNG copy)> <../results/syn/out_brick_bw_B_50.png (PNG copy)>]pdfTeX warning (ext4): destination with the same identifier (name{page.}) has been already used, duplicate ignored
<to be read again> 
                   \relax 
l.412 \end{document}
                     [4 <../results/syn_final/result_apples_c_B_40.png (PNG copy)> <../results/syn_final/result_jute_c_B_40.png (PNG copy)> <../results/syn_final/result_cans_B_40.png (PNG copy)> <../results/syn_final/result_brick_bw_B_40.png (PNG copy)> <../results/syn_final/result_text_B_40.png (PNG copy)> <../results/syn_final/result_D1_B_40.png (PNG copy)> <../results/syn_final/result_fabric_B_40.png (PNG copy)> <../results/syn_final/result_radishes_B_40.png (PNG copy)> <../results/syn_final/result_rice_B_40.png (PNG copy)> <../results/syn_final/result_wood_c_B_40.png (PNG copy)> <../results/syn_final/result_tile_B_60.png (PNG copy)> <../results/syn_final/result_brick_B_60.png (PNG copy)> <../results/syn_final/result_rope_B_60.png (PNG copy)> <../results/syn_final/result_br_pattern_B_60.png (PNG copy)> <../results/syn_final/result_stone_B_60.png (PNG copy)>]
Package atveryend Info: Empty hook `AfterLastShipout' on input line 412.
 (/Users/ansh/OneDrive - iitb.ac.in/Academics/Semester 7/CS 663/project/texture_synthesis/report_tex/egpaper_final.aux)
Package atveryend Info: Executing hook `AtVeryEndDocument' on input line 412.
Package atveryend Info: Empty hook `AtEndAfterFileList' on input line 412.


LaTeX Warning: There were multiply-defined labels.

Package atveryend Info: Empty hook `AtVeryVeryEnd' on input line 412.
 ) 
Here is how much of TeX's memory you used:
 7460 strings out of 492616
 116633 string characters out of 6129482
 213134 words of memory out of 5000000
 11247 multiletter control sequences out of 15000+600000
 20803 words of font info for 54 fonts, out of 8000000 for 9000
 1141 hyphenation exceptions out of 8191
 36i,10n,39p,959b,488s stack positions out of 5000i,500n,10000p,200000b,80000s
{/usr/local/texlive/2019/texmf-dist/fonts/enc/dvips/base/8r.enc}</usr/local/texlive/2019/texmf-dist/fonts/type1/public/amsfonts/cm/cmmi10.pfb></usr/local/texlive/2019/texmf-dist/fonts/type1/public/amsfonts/cm/cmsy10.pfb></usr/local/texlive/2019/texmf-dist/fonts/type1/urw/times/utmb8a.pfb></usr/local/texlive/2019/texmf-dist/fonts/type1/urw/times/utmr8a.pfb>
Output written on "/Users/ansh/OneDrive - iitb.ac.in/Academics/Semester 7/CS 663/project/texture_synthesis/report_tex/egpaper_final.pdf" (4 pages, 4815264 bytes).
PDF statistics:
 123 PDF objects out of 1000 (max. 8388607)
 64 compressed objects within 1 object stream
 18 named destinations out of 1000 (max. 500000)
 247 words of extra memory for PDF output out of 10000 (max. 10000000)

